<?xml version="1.0" encoding="UTF-8"?>
<testsuite xmlns:xsi="http://www.w3.org/2001/XMLSchema-instance" xsi:noNamespaceSchemaLocation="https://maven.apache.org/surefire/maven-surefire-plugin/xsd/surefire-test-report-3.0.xsd" version="3.0" name="com.recipebook.SearchServiceTest" time="0.168" tests="9" errors="0" skipped="0" failures="0">
  <properties>
    <property name="java.specification.version" value="21"/>
    <property name="sun.jnu.encoding" value="UTF-8"/>
    <property name="java.class.path" value="/Users/tamast/coding/java-lessons/prog3_java_project_tamas_tottszer/target/test-classes:/Users/tamast/coding/java-lessons/prog3_java_project_tamas_tottszer/target/classes:/Users/tamast/.m2/repository/org/junit/jupiter/junit-jupiter-api/5.9.2/junit-jupiter-api-5.9.2.jar:/Users/tamast/.m2/repository/org/opentest4j/opentest4j/1.2.0/opentest4j-1.2.0.jar:/Users/tamast/.m2/repository/org/junit/platform/junit-platform-commons/1.9.2/junit-platform-commons-1.9.2.jar:/Users/tamast/.m2/repository/org/apiguardian/apiguardian-api/1.1.2/apiguardian-api-1.1.2.jar:/Users/tamast/.m2/repository/org/junit/jupiter/junit-jupiter-engine/5.9.2/junit-jupiter-engine-5.9.2.jar:/Users/tamast/.m2/repository/org/junit/platform/junit-platform-engine/1.9.2/junit-platform-engine-1.9.2.jar:/Users/tamast/.m2/repository/org/junit/jupiter/junit-jupiter-params/5.9.2/junit-jupiter-params-5.9.2.jar:"/>
    <property name="java.vm.vendor" value="Microsoft"/>
    <property name="sun.arch.data.model" value="64"/>
    <property name="java.vendor.url" value="https://www.microsoft.com"/>
    <property name="user.timezone" value="Europe/Budapest"/>
    <property name="os.name" value="Mac OS X"/>
    <property name="java.vm.specification.version" value="21"/>
    <property name="sun.java.launcher" value="SUN_STANDARD"/>
    <property name="user.country" value="HU"/>
    <property name="sun.boot.library.path" value="/Library/Java/JavaVirtualMachines/microsoft-21.jdk/Contents/Home/lib"/>
    <property name="sun.java.command" value="/Users/tamast/coding/java-lessons/prog3_java_project_tamas_tottszer/target/surefire/surefirebooter-20241121224530288_3.jar /Users/tamast/coding/java-lessons/prog3_java_project_tamas_tottszer/target/surefire 2024-11-21T22-45-29_890-jvmRun1 surefire-20241121224530288_1tmp surefire_0-20241121224530288_2tmp"/>
    <property name="jdk.debug" value="release"/>
    <property name="surefire.test.class.path" value="/Users/tamast/coding/java-lessons/prog3_java_project_tamas_tottszer/target/test-classes:/Users/tamast/coding/java-lessons/prog3_java_project_tamas_tottszer/target/classes:/Users/tamast/.m2/repository/org/junit/jupiter/junit-jupiter-api/5.9.2/junit-jupiter-api-5.9.2.jar:/Users/tamast/.m2/repository/org/opentest4j/opentest4j/1.2.0/opentest4j-1.2.0.jar:/Users/tamast/.m2/repository/org/junit/platform/junit-platform-commons/1.9.2/junit-platform-commons-1.9.2.jar:/Users/tamast/.m2/repository/org/apiguardian/apiguardian-api/1.1.2/apiguardian-api-1.1.2.jar:/Users/tamast/.m2/repository/org/junit/jupiter/junit-jupiter-engine/5.9.2/junit-jupiter-engine-5.9.2.jar:/Users/tamast/.m2/repository/org/junit/platform/junit-platform-engine/1.9.2/junit-platform-engine-1.9.2.jar:/Users/tamast/.m2/repository/org/junit/jupiter/junit-jupiter-params/5.9.2/junit-jupiter-params-5.9.2.jar:"/>
    <property name="sun.cpu.endian" value="little"/>
    <property name="user.home" value="/Users/tamast"/>
    <property name="user.language" value="en"/>
    <property name="java.specification.vendor" value="Oracle Corporation"/>
    <property name="java.version.date" value="2024-07-16"/>
    <property name="java.home" value="/Library/Java/JavaVirtualMachines/microsoft-21.jdk/Contents/Home"/>
    <property name="file.separator" value="/"/>
    <property name="basedir" value="/Users/tamast/coding/java-lessons/prog3_java_project_tamas_tottszer"/>
    <property name="java.vm.compressedOopsMode" value="Zero based"/>
    <property name="line.separator" value="&#10;"/>
    <property name="java.specification.name" value="Java Platform API Specification"/>
    <property name="java.vm.specification.vendor" value="Oracle Corporation"/>
    <property name="apple.awt.application.name" value="ForkedBooter"/>
    <property name="surefire.real.class.path" value="/Users/tamast/coding/java-lessons/prog3_java_project_tamas_tottszer/target/surefire/surefirebooter-20241121224530288_3.jar"/>
    <property name="sun.management.compiler" value="HotSpot 64-Bit Tiered Compilers"/>
    <property name="java.runtime.version" value="21.0.4+7-LTS"/>
    <property name="user.name" value="tamast"/>
    <property name="stdout.encoding" value="UTF-8"/>
    <property name="path.separator" value=":"/>
    <property name="os.version" value="10.15.7"/>
    <property name="java.runtime.name" value="OpenJDK Runtime Environment"/>
    <property name="file.encoding" value="UTF-8"/>
    <property name="java.vm.name" value="OpenJDK 64-Bit Server VM"/>
    <property name="java.vendor.version" value="Microsoft-9889606"/>
    <property name="localRepository" value="/Users/tamast/.m2/repository"/>
    <property name="java.vendor.url.bug" value="https://github.com/microsoft/openjdk/issues"/>
    <property name="java.io.tmpdir" value="/var/folders/v2/pm44sqw15yl5lclyqrb4b93r0000gn/T/"/>
    <property name="java.version" value="21.0.4"/>
    <property name="user.dir" value="/Users/tamast/coding/java-lessons/prog3_java_project_tamas_tottszer"/>
    <property name="os.arch" value="x86_64"/>
    <property name="java.vm.specification.name" value="Java Virtual Machine Specification"/>
    <property name="native.encoding" value="UTF-8"/>
    <property name="java.library.path" value="/Users/tamast/Library/Java/Extensions:/Library/Java/Extensions:/Network/Library/Java/Extensions:/System/Library/Java/Extensions:/usr/lib/java:."/>
    <property name="java.vm.info" value="mixed mode, sharing"/>
    <property name="stderr.encoding" value="UTF-8"/>
    <property name="java.vendor" value="Microsoft"/>
    <property name="java.vm.version" value="21.0.4+7-LTS"/>
    <property name="sun.io.unicode.encoding" value="UnicodeBig"/>
    <property name="java.class.version" value="65.0"/>
  </properties>
  <testcase name="testSearchByKeyword(String, String)[1]" classname="com.recipebook.SearchServiceTest" time="0.027"/>
  <testcase name="testSearchByKeyword(String, String)[2]" classname="com.recipebook.SearchServiceTest" time="0.002"/>
  <testcase name="testSearchByKeyword(String, String)[3]" classname="com.recipebook.SearchServiceTest" time="0.002"/>
  <testcase name="testSearchByKeyword(String, String)[4]" classname="com.recipebook.SearchServiceTest" time="0.001"/>
  <testcase name="testSearchByKeyword(String, String)[5]" classname="com.recipebook.SearchServiceTest" time="0.002"/>
  <testcase name="testSearchByIngredient(String, int)[1]" classname="com.recipebook.SearchServiceTest" time="0.011"/>
  <testcase name="testSearchByIngredient(String, int)[2]" classname="com.recipebook.SearchServiceTest" time="0.001"/>
  <testcase name="testSearchByIngredient(String, int)[3]" classname="com.recipebook.SearchServiceTest" time="0.002"/>
  <testcase name="testSearchByIngredient(String, int)[4]" classname="com.recipebook.SearchServiceTest" time="0.001"/>
</testsuite>